1599736906764	geckodriver	INFO	Listening on 127.0.0.1:63901
1599736909795	mozrunner::runner	INFO	Running command: "D:\\Program Files\\Mozilla Firefox\\firefox.exe" "--marionette" "-foreground" "-no-remote" "-profile" "C:\\Users\\win\\AppData\\Local\\Temp\\rust_mozprofilexB3W56"
JavaScript error: resource://gre/modules/XULStore.jsm, line 66: Error: Can't find profile directory.
console.error: SearchCache: "_readCacheFile: Error reading cache file:" (new Error("", "(unknown module)"))
1599736916479	Marionette	INFO	Listening on port 63916
1599736916771	Marionette	WARN	TLS certificate errors will be ignored for this session
1599737030363	Marionette	INFO	Stopped listening on port 63916
1599737032319	geckodriver	INFO	Listening on 127.0.0.1:64228
1599737035340	mozrunner::runner	INFO	Running command: "D:\\Program Files\\Mozilla Firefox\\firefox.exe" "--marionette" "-foreground" "-no-remote" "-profile" "C:\\Users\\win\\AppData\\Local\\Temp\\rust_mozprofilecZiLYq"
JavaScript error: resource://gre/modules/XULStore.jsm, line 66: Error: Can't find profile directory.
console.error: SearchCache: "_readCacheFile: Error reading cache file:" (new Error("", "(unknown module)"))
1599737041578	Marionette	INFO	Listening on port 64240
1599737041640	Marionette	WARN	TLS certificate errors will be ignored for this session
[Parent 50212, Gecko_IOThread] WARNING: file /builds/worker/checkouts/gecko/ipc/chromium/src/base/process_util_win.cc, line 166
[Parent 50212, Gecko_IOThread] WARNING: file /builds/worker/checkouts/gecko/ipc/chromium/src/base/process_util_win.cc, line 166
1599737050980	Marionette	INFO	Stopped listening on port 64240
1599738019150	geckodriver	INFO	Listening on 127.0.0.1:50477
1599738022175	mozrunner::runner	INFO	Running command: "D:\\Program Files\\Mozilla Firefox\\firefox.exe" "--marionette" "-foreground" "-no-remote" "-profile" "C:\\Users\\win\\AppData\\Local\\Temp\\rust_mozprofileWnCqcQ"
JavaScript error: resource://gre/modules/XULStore.jsm, line 66: Error: Can't find profile directory.
console.error: SearchCache: "_readCacheFile: Error reading cache file:" (new Error("", "(unknown module)"))
1599738028671	Marionette	INFO	Listening on port 50490
1599738029045	Marionette	WARN	TLS certificate errors will be ignored for this session
1599738082659	Marionette	INFO	Stopped listening on port 50490
9738077546	mozrunner::runner	INFO	Running command: "D:\\Program Files\\Mozilla Firefox\\firefox.exe" "--marionette" "-foreground" "-no-remote" "-profile" "C:\\Users\\win\\AppData\\Local\\Temp\\rust_mozprofileOiBI9O"
JavaScript error: resource://gre/modules/XULStore.jsm, line 66: Error: Can't find profile directory.
console.error: SearchCache: "_readCacheFile: Error reading cache file:" (new Error("", "(unknown module)"))
1599738085450	Marionette	INFO	Listening on port 50654
1599738085495	Marionette	WARN	TLS certificate errors will be ignored for this session
[Parent 47768, Gecko_IOThread] WARNING: file /builds/worker/checkouts/gecko/ipc/chromium/src/base/process_util_win.cc, line 166
1599738099999	Marionette	INFO	Stopped listening on port 50654

###!!! [Child][RunMessage] Error: Channel closing: too late to send/recv, messages will be lost


###!!! [Child][MessageChannel::SendAndWait] Error: Channel error: cannot send/recv

1599738105005	geckodriver	INFO	Listening on 127.0.0.1:50751
1599738108048	mozrunner::runner	INFO	Running command: "D:\\Program Files\\Mozilla Firefox\\firefox.exe" "--marionette" "-foreground" "-no-remote" "-profile" "C:\\Users\\win\\AppData\\Local\\Temp\\rust_mozprofilevpUole"
JavaScript error: resource://gre/modules/XULStore.jsm, line 66: Error: Can't find profile directory.
console.error: SearchCache: "_readCacheFile: Error reading cache file:" (new Error("", "(unknown module)"))
1599738115238	Marionette	INFO	Listening on port 50769
1599738115474	Marionette	WARN	TLS certificate errors will be ignored for this session
[Parent 46480, Gecko_IOThread] WARNING: file /builds/worker/checkouts/gecko/ipc/chromium/src/base/process_util_win.cc, line 166
1599738118992	Marionette	INFO	Stopped listening on port 50769
1599738174135	geckodriver	INFO	Listening on 127.0.0.1:50934
1599738177156	mozrunner::runner	INFO	Running command: "D:\\Program Files\\Mozilla Firefox\\firefox.exe" "--marionette" "-foreground" "-no-remote" "-profile" "C:\\Users\\win\\AppData\\Local\\Temp\\rust_mozprofileQCJrTa"
JavaScript error: resource://gre/modules/XULStore.jsm, line 66: Error: Can't find profile directory.
console.error: SearchCache: "_readCacheFile: Error reading cache file:" (new Error("", "(unknown module)"))
1599738183279	Marionette	INFO	Listening on port 50949
1599738183455	Marionette	WARN	TLS certificate errors will be ignored for this session
console.error: (new Error("SessionFile is closed", "resource:///modules/sessionstore/SessionFile.jsm", 433))
1599738882893	Marionette	INFO	Stopped listening on port 50949

###!!! [Child][MessageChannel::SendAndWait] Error: Channel error: cannot send/recv

mozprofileiqf85B"
JavaScript error: resource://gre/modules/XULStore.jsm, line 66: Error: Can't find profile directory.
console.error: SearchCache: "_readCacheFile: Error reading cache file:" (new Error("", "(unknown module)"))
1599738471188	Marionette	INFO	Listening on port 51540
1599738471438	Marionette	WARN	TLS certificate errors will be ignored for this session
[Parent 46716, Gecko_IOThread] WARNING: file /builds/worker/checkouts/gecko/ipc/chromium/src/base/process_util_win.cc, line 166
console.error: (new Error("SessionFile is closed", "resource:///modules/sessionstore/SessionFile.jsm", 433))
1599738883304	Marionette	INFO	Stopped listening on port 51540

###!!! [Child][RunMessage] Error: Channel closing: too late to send/recv, messages will be lost


###!!! [Child][MessageChannel::SendAndWait] Error: Channel error: cannot send/recv

599738573688	Marionette	INFO	Listening on port 51788
1599738573748	Marionette	WARN	TLS certificate errors will be ignored for this session
[Parent 38920, Gecko_IOThread] WARNING: file /builds/worker/checkouts/gecko/ipc/chromium/src/base/process_util_win.cc, line 166
console.error: (new Error("SessionFile is closed", "resource:///modules/sessionstore/SessionFile.jsm", 433))
1599738882969	Marionette	INFO	Stopped listening on port 51788

###!!! [Child][RunMessage] Error: Channel closing: too late to send/recv, messages will be lost

ache: "_readCacheFile: Error reading cache file:" (new Error("", "(unknown module)"))
1599738768944	Marionette	INFO	Listening on port 52244
1599738769339	Marionette	WARN	TLS certificate errors will be ignored for this session
[Parent 37092, Gecko_IOThread] WARNING: file /builds/worker/checkouts/gecko/ipc/chromium/src/base/process_util_win.cc, line 166
console.error: (new Error("SessionFile is closed", "resource:///modules/sessionstore/SessionFile.jsm", 433))
1599738882969	Marionette	INFO	Stopped listening on port 52244

###!!! [Child][RunMessage] Error: Channel closing: too late to send/recv, messages will be lost

[Parent 37092, Gecko_IOThread] WARNING: pipe error: 232: file /builds/worker/checkouts/gecko/ipc/chromium/src/chrome/common/ipc_channel_win.cc, line 545
8	Marionette	WARN	TLS certificate errors will be ignored for this session
1599738847294	geckodriver	INFO	Listening on 127.0.0.1:52514
1599738850280	mozrunner::runner	INFO	Running command: "D:\\Program Files\\Mozilla Firefox\\firefox.exe" "--marionette" "-foreground" "-no-remote" "-profile" "C:\\Users\\win\\AppData\\Local\\Temp\\rust_mozprofileK0or1p"
JavaScript error: resource://gre/modules/XULStore.jsm, line 66: Error: Can't find profile directory.
console.error: SearchCache: "_readCacheFile: Error reading cache file:" (new Error("", "(unknown module)"))
1599738860007	Marionette	INFO	Listening on port 52528
1599738860361	Marionette	WARN	TLS certificate errors will be ignored for this session
1599738958363	geckodriver	INFO	Listening on 127.0.0.1:52864
1599738961375	mozrunner::runner	INFO	Running command: "D:\\Program Files\\Mozilla Firefox\\firefox.exe" "--marionette" "-foreground" "-no-remote" "-profile" "C:\\Users\\win\\AppData\\Local\\Temp\\rust_mozprofileiDjPvC"
JavaScript error: resource://gre/modules/XULStore.jsm, line 66: Error: Can't find profile directory.
console.error: SearchCache: "_readCacheFile: Error reading cache file:" (new Error("", "(unknown module)"))
1599738967115	Marionette	INFO	Listening on port 52877
1599738967183	Marionette	WARN	TLS certificate errors will be ignored for this session
1599739104741	Marionette	INFO	Stopped listening on port 52877

###!!! [Child][RunMessage] Error: Channel closing: too late to send/recv, messages will be lost

"--marionette" "-foreground" "-no-remote" "-profile" "C:\\Users\\win\\AppData\\Local\\Temp\\rust_mozprofilecKhaBe"
JavaScript error: resource://gre/modules/XULStore.jsm, line 66: Error: Can't find profile directory.
console.error: SearchCache: "_readCacheFile: Error reading cache file:" (new Error("", "(unknown module)"))
1599738985406	Marionette	INFO	Listening on port 52990
1599738985510	Marionette	WARN	TLS certificate errors will be ignored for this session
[Parent 18176, Gecko_IOThread] WARNING: file /builds/worker/1599739104559	mozrunner::runner	INFO	Running command: "D:\\Program Fi1599739104690	Marionette	INFO	Stopped listening on port 52990
 "-no-remote" "-profile" "C:\\Users\\win\\AppData\\Local\\Temp\\rust_mozprofile42G9nX"
JavaScript error: resource://gre/modules/XULStore.jsm, line 66: Error: Can't find profile directory.
console.error: SearchCache: "_readCacheFile: Error reading cache file:" (new Error("", "(unknown module)"))
1599739110594	Marionette	INFO	Listening on port 53312
1599739110855	Marionette	WARN	TLS certificate errors will be ignored for this session

###!!! [Child][MessageChannel] Error: (msgtype=0x6A0029,name=PNecko::Msg_RemoveRequestContext) Channel closing: too late to send/recv, messages will be lost


###!!! [Child][RunMessage] Error: Channel closing: too late to send/recv, messages will be lost

1599739293291	Marionette	INFO	Stopped listening on port 53312

###!!! [Child][MessageChannel::SendAndWait] Error: Channel error: cannot send/recv

dCacheFile: Error reading cache file:" (new Error("", "(unknown module)"))
1599739125368	Marionette	INFO	Listening on port 53414
1599739125839	Marionette	WARN	TLS certificate errors will be ignored for this session
[Parent 49724, Gecko_IOThread] WARNING: file /builds/worker/checkouts/gecko/ipc/chromium/src/base/process_util_win.cc, line 166
1599739293284	Marionette	INFO	Stopped listening on port 53414

###!!! [Child][MessageChannel::SendAndWait] Error: Channel error: cannot send/recv

1599739297895	geckodriver	INFO	Listening on 127.0.0.1:53849
1599739300923	mozrunner::runner	INFO	Running command: "D:\\Program Files\\Mozilla Firefox\\firefox.exe" "--marionette" "-foreground" "-no-remote" "-profile" "C:\\Users\\win\\AppData\\Local\\Temp\\rust_mozprofiletvltum"
JavaScript error: resource://gre/modules/XULStore.jsm, line 66: Error: Can't find profile directory.
console.error: SearchCache: "_readCacheFile: Error reading cache file:" (new Error("", "(unknown module)"))
1599739306833	Marionette	INFO	Listening on port 53862
1599739307186	Marionette	WARN	TLS certificate errors will be ignored for this session
console.error: services.settings: 
  main/message-groups Signature failed  TypeError: NetworkError when attempting to fetch resource.
console.error: Region.jsm: "Error fetching region" (new TypeError("NetworkError when attempting to fetch resource.", ""))
console.error: Region.jsm: "Failed to fetch region" (new Error("NO_RESULT", "resource://gre/modules/Region.jsm", 343))
[Parent 52684, Gecko_IOThread] WARNING: file /builds/worker/checkouts/gecko/ipc/chromium/src/base/process_util_win.cc, line 166
[Parent 52684, Gecko_IOThread] WARNING: file /builds/worker/checkouts/gecko/ipc/chromium/src/base/process_util_win.cc, line 166
1599739309014	Marionette	INFO	Stopped listening on port 53862
1599739320437	geckodriver	INFO	Listening on 127.0.0.1:53941
1599739323464	mozrunner::runner	INFO	Running command: "D:\\Program Files\\Mozilla Firefox\\firefox.exe" "--marionette" "-foreground" "-no-remote" "-profile" "C:\\Users\\win\\AppData\\Local\\Temp\\rust_mozprofilevZQAXu"
JavaScript error: resource://gre/modules/XULStore.jsm, line 66: Error: Can't find profile directory.
console.error: SearchCache: "_readCacheFile: Error reading cache file:" (new Error("", "(unknown module)"))
1599739330010	Marionette	INFO	Listening on port 53960
1599739330374	Marionette	WARN	TLS certificate errors will be ignored for this session
console.error: "Exception while getting unique selector" (new Error("Connection closed, pending request to server0.conn0.child2/domnode31, type getUniqueSelector failed\n\nRequest stack:\nrequest@resource://devtools/shared/protocol/Front.js:256:14\ngenerateRequestMethods/</frontProto[name]@resource://devtools/shared/protocol/Front/FrontClassWithSpec.js:47:19\n_create/<@resource://devtools/client/inspector/rules/views/rule-editor.js:171:48\n_create@resource://devtools/client/inspector/rules/views/rule-editor.js:198:20\nRuleEditor@resource://devtools/client/inspector/rules/views/rule-editor.js:79:8\n_createEditors@resource://d[Parent 8088, Gecko_IOThread] WARNING: file /builds/worker/checkouts/gecko/ipc/chromium/src/base/process_util_win.cc, line 166
[Parent 8088, Gecko_IOThread] WARNING: file /builds/worker/checkouts/gecko/ipc/chromium/src/base/process_util_win.cc, line 166
1599740010124	Marionette	INFO	Stopped listening on port 54063
onsole.error: "Error while calling actor 'pagestyle's method 'getUsedFontFaces'" "node is null"
console.error: "getUsedFontFaces@resource://devtools/server/actors/styles.js:386:24\nhandler@resource://devtools/shared/protocol/Actor.js:162:37\nonPacket@resource://devtools/server/devtools-server-connection.js:379:
###!!! [Child][RunMessage] Error: Channel closing: too late to send/recv, messages will be lost

[Parent 49724, Gecko_IOThread] WARNING: file /builds/worker/checkouts/gecko/ipc/chromium/src/base/process_util_win.cc, line 166
1599740011005	Marionette	INFO	Stopped listening on port 54152

###!!! [Child][MessageChannel::SendAndWait] Error: Channel error: cannot send/recv

ctor 'layout's method 'getGrids'" "node is null"
console.error: "getGrids@resource://devtools/server/actors/layout.js:502:26\ngetGrids@resource://devtools/server/actors/layout.js:507:43\nhandler@resource://devtools/shared/protocol/Actor.js:162:37\non[Parent 43752, Gecko_IOThread] WARNING: file /builds/worker/checkouts/gecko/ipc/chromium/src/base/process_util_win.cc, line 166
[Parent 43752, Gecko_IOT
###!!! [Child][RunMessage] Error: Channel closing: too late to send/recv, messages will be lost


###!!! [Child][RunMessage] Error: Channel closing: too late to send/recv, messages will be lost

1599740012089	Marionette	INFO	Stopped listening on port 53960

###!!! [Child][MessageChannel::SendAndWait] Error: Channel error: cannot send/recv

nnel error: cannot send/recv

54348
1599739391380	Marionette	WARN	TLS certificate errors will be ignored for this session

###!!! [Child][RunMessage] Error: Channel closing: too late to send/recv, messages will be lost


###!!! [Child][RunMessage] Error: Channel closing: too late to send/recv, messages will be lost

1599740011101	Marionette	INFO	Stopped listening on port 54348

###!!! [Child][MessageChannel::SendAndWait] Error: Channel error: cannot send/recv

't find profile directory.
console.error: SearchCache: "_readCacheFile: Error reading cache file:" (new Error("", "(unknown module)"))
1599739406134	Marionette	INFO	Listening on port 54442
1599739406616	Marionette	WARN	TLS certificate errors will be ignored for this session
[Parent 19632, Gecko_IOThread] WARNING: file /builds/worker/checkouts/gecko/ipc/chromium/src/base/process_util_win.cc, line 166

###!!! [Child][RunMessage] Error: Channel closing: too late to send/recv, messages will be lost


###!!! [Child][RunMessage] Error: Channel closing: too late to send/recv, messages will be lost

[Parent 19632, Gecko_IOThread] WARNING: file /builds/worker/checkouts/gecko/ipc/chromium/src/base/process_util_win.cc, line 166
1599740011573	Marionette	INFO	Stopped listening on port 54442

###!!! [Child][MessageChannel::SendAndWait] Error: Channel error: cannot send/recv

le)"))
1599739431809	Marionette	INFO	Listening on port 54540
1599739434482	Marionette	WARN	TLS certificate errors will be ignored for this session
console.error: Region.jsm: "Error fetching region" (new AbortError("The operation was aborted. ", (void 0), 689))
console.error: Region.jsm: "Failed to fetch region" (new Error("NO_RESULT", "resource://gre/modules/Region.jsm", 343))
1599740010230	Marionette	INFO	Stopped listening on port 54540
9739445734	mozrunner::runner	INFO	Running command: "D:\\Program Files\\Mozilla Firefox\\firefox.exe" "--marionette" "-foreground" "-no-remote" "-profile" "C:\\Users\\win\\AppData\\Local\\Temp\\rust_mozprofilennxRNv"
JavaScript error: resource://gre/modules/XULStore.jsm, line 66: Error: Can't find profile directory.
console.error: SearchCache: "_readCacheFile: Error reading cache file:" (new Error("", "(unknown module)"))
1599739452435	Marionette	INFO	Listening on port 54652
1599739452643	Marionette	WARN	TLS certificate errors will be ignored for this session
[Parent 54620, Gecko_IOThread] WARNING: file /builds/worker/checkouts/gecko/ipc/chromium/src/base/process_util_win.cc, line 166
console.error: services.settings: 
  Message: TypeError: NetworkError when attempting to fetch resource.
console.warn: services.settings: main/fxmonitor-breaches sync interrupted by shutdown
console.warn: services.settings: main/whats-new-panel sync interrupted by shutdown
console.warn: services.settings: main/cfr sync interrupted by shutdown
1599740011799	Marionette	INFO	Stopped listening on port 54652

###!!! [Child][MessageChannel::SendAndWait] Error: Channel error: cannot send/recv


[Parent 6592, Gecko_IOThread] WARNING: file /builds/worker/checkouts/gecko/ipc/chromium/src/base/process_util_win.cc, line 166
[Parent 6592, Gecko_IOThread] WARNING: file /builds/worker/checkouts/gecko/ipc/chromium/src/base/process_util_win.cc, line 166
1599740011013	Marionette	INFO	Stopped listening on port 54748

###!!! [Child][MessageChannel::SendAndWait] Error: Channel error: cannot send/recv

: "_readCacheFile: Error reading cache file:" (new Error("", "(unknown module)"))
1599739483513	Marionette	INFO	Listening on port 54852
1599739483669	Marionette	WARN	TLS certificate errors will be ignored for this session
console.error: services.settings: 
  Message: TypeError: NetworkError when attempting to fetch resource.
console.warn: services.settings: security-state/cert-revocations sync interrupted by shutdown
console.warn: services.settings: main/message-groups sync interrupted by shutdown
console.warn: services.settings: main/search-default-override-allowlist sync interrupted by shutdown
console.warn: services.settings: main/url-classifier-skip-urls sync interrupted by shutdown
console.warn: services.settings: blocklists/plugins sync interrupted by shutdown
console.warn: services.settings: main/partitioning-exempt-urls sync interrupted by shutdown
console.warn: services.settings: security-state/intermediates sync interrupted by shutdown
console.warn: services.settings: security-state/onecrl sync interrupted by shutdown
[Parent 56176, Gecko_IOThread] WARNING: file /builds/worker/checkouts/gecko/ipc/chromium/src/base/process_util_win.cc, line 166
1599740011845	Marionette	INFO	Stopped listening on port 54852
ngs: main/normandy-recipes-capabilities sync interrupted by shutdown
console.warn: services.settings: main/messaging-experiments sync interrupted by shutdown
console.warn: services.settings: main/search-config sync interrupted by shutdown
console.warn: services.settings: blocklists/addons-bloomfilters sync interrupted by shutdown
console.warn: services.settings: main/fxmonitor-breaches sync interrupted by shutdown
console.warn: services.settings: main/whats-new-pane[Parent 53524, Gecko_IOThread] Wconsole.warn: services.settings: main/cfr sync interrupted by shutdown
console.warn: services.se1599740010357	Marionette	INFO	Stopped listening on port 55037

###!!! [Child][MessageChannel::SendAndWait] Error: Channel error: cannot send/recv

utdown
console.warn: services.settings: main/message-groups sync interrupted by shutdown
console.warn: services.settings: main/search-default-override-allowlist sync interrupted by shutdown
console.warn: services.settings: main/url-classifier-skip-urls sync interrupted by shutdown
console.warn: services.settings: blocklists/plugins sync interrupted by shutdown
console.warn: services.settings: main/partitioning-exempt-urls sync interrupted by shutdown
console.warn: services.settings: security-state/intermediates sync interrupted by shutdown
console.warn: services.settings: security-state/onecrl sync interrupted by shutdown
console.warn: services.settings: main/cfr-fxa sync interrupted by shutdown
co1599740011044	Marionette	INFO	Stopped listening on port 55141

###!!! [Child][MessageChannel::SendAndWait] Error: Channel error: cannot send/recv

rupted by shutdown
[Parent 31756, Gecko_IOThread] WARNING: file /builds/worker/checkouts/gecko/ipc/chromium/src/base/process_util_win.cc, line 166
1599740011463	Marionette	INFO	Stopped listening on port 54943

###!!! [Child][MessageChannel::SendAndWait] Error: Channel error: cannot send/recv

ertificate errors will be ignored for this session
console.error: Region.jsm: "Error fetching region" (new AbortError("The operation was aborted. ", (void 0), 689))
console.error: Region.jsm: "Failed to fetch region" (new Error("NO_RESULT", "resource://gre/modules/Region.jsm", 343))
[Parent 59960, Gecko_IOThread] WARNING: file /builds/worker/checkouts/gecko/ipc/chromium/src/base/process_util_win.cc, line 166
[Parent 59960, Gecko_IOThread] WARNING: file /builds/worker/checkouts/gecko/ipc/chromium/src/base/process_util_win.cc, line 166
1599740010143	Marionette	INFO	Stopped listening on port 55232

###!!! [Child][MessageChannel::SendAndWait] Error: Channel error: cannot send/recv

"_readCacheFile: Error reading cache file:" (new Error("", "(unknown module)"))
1599739566565	Marionette	INFO	Listening on port 55331
1599739566828	Marionette	WARN	TLS certificate errors will be ignored for this session
[Parent 54264, Gecko_IOThread] WARNING: file /builds/worker/checkouts/gecko/ipc/chromium/src/base/process_util_win.cc, line 166
1599740009809	Marionette	INFO	Stopped listening on port 55331

###!!! [Child][RunMessage] Error: Channel closing: too late to send/recv, messages will be lost

or: resource://gre/modules/XULStore.jsm, line 66: Error: Can't find profile directory.
console.error: SearchCache: "_readCacheFile: Error reading cache file:" (new Error("", "(unknown module)"))
1599739584256	Marionette	INFO	Listening on port 55426
1599739584421	Marionette	WARN	TLS certificate errors will be ignored for this session
[Parent 59756, Gecko_IOThread] WARNING: file /builds/worker/checkouts/gecko/ipc/chromium/src/base/process_util_win.cc, line 166

###!!! [Child][RunMessage] Error: Channel closing: too late to send/recv, messages will be lost


###!!! [Child][RunMessage] Error: Channel closing: too late to send/recv, messages will be lost

[Parent 59756, Gecko_IOThread] WARNING: file /builds/worker/checkouts/gecko/ipc/chromium/src/base/process_util_win.cc, line 166
1599740010635	Marionette	INFO	Stopped listening on port 55426

###!!! [Child][MessageChannel::SendAndWait] Error: Channel error: cannot send/recv

le)"))
1599739601198	Marionette	INFO	Listening on port 55533
1599739601231	Marionette	WARN	TLS certificate errors will be ignored for this session

###!!! [Child][RunMessage] Error: Channel closing: too late to send/recv, messages will be lost


###!!! [Child][RunMessage] Error: Channel closing: too late to send/recv, messages will be lost

[Parent 53532, Gecko_IOThread] WARNING: file /builds/worker/checkouts/gecko/ipc/chromium/src/base/process_util_win.cc, line 166
1599740011020	Marionette	INFO	Stopped listening on port 55533

###!!! [Child][MessageChannel::SendAndWait] Error: Channel error: cannot send/recv

le)"))
1599739622033	Marionette	INFO	Listening on port 55635
[Parent 56476, Gecko_IOThread] WARNING: file /builds/worker/checkouts/gecko/ipc/chromium/src/base/process_util_win.cc, line 166
1599739622491	Marionette	WARN	TLS certificate errors will be ignored for this session
[Parent 56476, Gecko_IOThread] WARNING: file /builds/worker/checkouts/gecko/ipc/chromium/src/base/process_util_win.cc, line 166
1599740010342	Marionette	INFO	Stopped listening on port 55635

###!!! [Child][MessageChannel::SendAndWait] Error: Channel error: cannot send/recv

avaScript error: resource://gre/modules/XULStore.jsm, line 66: Error: Can't find profile directory.
console.error: SearchCache: "_readCacheFile: Error reading cache file:" (new Error("", "(unknown module)"))
[Parent 63904, Gecko_IOThread] WARNING: file /builds/worker/checkouts/gecko/ipc/chromium/src/base/process_util_win.cc, line 166
1599739654285	Marionette	INFO	Listening on port 55760
1599739654454	Marionette	WARN	TLS certificate errors will be ignored for this session
console.error: Region.jsm: "Error fetching region" (new AbortError("The operation was aborted. ", (void 0), 689))
console.error: Region.jsm: "Failed to fetch region" (new Error("NO_RESULT", "resource://gre/modules/Region.jsm", 343))
[Parent 63904, Gecko_IOThread] WARNING: file /builds/worker/checkouts/gecko/ipc/chromium/src/base/process_util_win.cc, line 166
1599740010447	Marionette	INFO	Stopped listening on port 55760

###!!! [Child][MessageChannel::SendAndWait] Error: Channel error: cannot send/recv

avaScript error: resource://gre/modules/XULStore.jsm, line 66: Error: Can't find profile directory.
console.error: SearchCache: "_readCacheFile: Error reading cache file:" (new Error("", "(unknown module)"))
[Parent 64248, Gecko_IOThread] WARNING: file /builds/worker/checkouts/gecko/ipc/chromium/src/base/process_util_win.cc, line 166
1599739692032	Marionette	INFO	Listening on port 55932
1599739692256	Marionette	WARN	TLS certificate errors will be ignored for this session
[Parent 64248, Gecko_IOThread] WARNING: file /builds/worker/checkouts/gecko/ipc/chromium/src/base/process_util_win.cc, line 166
[Parent 64248, Gecko_IOThread] WARNING: file /builds/worker/checkouts/gecko/ipc/chromium/src/base/process_util_win.cc, line 166
[Parent 64248, Gecko_IOThread] WARNING: file /builds/worker/checkouts/gecko/ipc/chromium/src/base/process_util_win.cc, line 166
1599740009261	Marionette	INFO	Stopped listening on port 55932

###!!! [Child][MessageChannel::SendAndWait] Error: Channel error: cannot send/recv

"_readCacheFile: Error reading cache file:" (new Error("", "(unknown module)"))
1599739712015	Marionette	INFO	Listening on port 56045
1599739712177	Marionette	WARN	TLS certificate errors will be ignored for this session

###!!! [Child][RunMessage] Error: Channel closing: too late to send/recv, messages will be lost


###!!! [Child][RunMessage] Error: Channel closing: too late to send/recv, messages will be lost

[Parent 65236, Gecko_IOThread] WARNING: file /builds/worker/checkouts/gecko/ipc/chromium/src/base/process_util_win.cc, line 166
[Parent 65236, Gecko_IOThread] WARNING: file /builds/worker/checkouts/gecko/ipc/chromium/src/base/process_util_win.cc, line 166
1599740010181	Marionette	INFO	Stopped listening on port 56045

###!!! [Child][MessageChannel::SendAndWait] Error: Channel error: cannot send/recv

ed for this session
[Parent 64988, Gecko_IOThread] WARNING: file /builds/worker/checkouts/gecko/ipc/chromium/src/base/process_util_win.cc, line 166
[Parent 64988, Gecko_IOThread] WARNING: file /builds/worker/checkouts/gecko/ipc/chromium/src/base/process_util_win.cc, line 166
1599740011020	Marionette	INFO	Stopped listening on port 56164
